   382b51a..de0ff9c  main -> main
[2026-04-21 06:14] Auto-scan complete
[2026-04-21 06:14] Auto-scan starting...
[2026-04-21 06:33] Scan complete, deploying...
To github.com:mmondora/signal-brief.git
   de0ff9c..a0a551c  main -> main
[2026-04-21 06:33] Auto-scan complete
[2026-04-21 06:33] Auto-scan starting...
[2026-04-21 06:50] Scan complete, deploying...
To github.com:mmondora/signal-brief.git
   f1d6352..ac62f88  main -> main
[2026-04-21 06:50] Auto-scan complete
[2026-04-21 06:50] Auto-scan starting...
[2026-04-21 07:06] Scan complete, deploying...
To github.com:mmondora/signal-brief.git
   ac62f88..cd8a246  main -> main
[2026-04-21 07:06] Auto-scan complete
[2026-04-21 07:06] Auto-scan starting...
[2026-04-21 07:25] Scan complete, deploying...
To github.com:mmondora/signal-brief.git
   cd8a246..48bc045  main -> main
[2026-04-21 07:25] Auto-scan complete
[2026-04-21 17:00] Auto-scan starting...
[2026-04-21 17:01] Scan complete, deploying...
To github.com:mmondora/signal-brief.git
   c8e54d8..ff62105  main -> main
[2026-04-21 17:01] Auto-scan complete
[2026-04-21 17:01] Auto-scan starting...
[2026-04-21 17:01] Scan complete, deploying...
To github.com:mmondora/signal-brief.git
   ff62105..d2bd66b  main -> main
[2026-04-21 17:01] Auto-scan complete
[2026-04-21 17:02] Auto-scan starting...
[2026-04-21 17:02] Scan complete, deploying...
To github.com:mmondora/signal-brief.git
   d2bd66b..b18ee93  main -> main
[2026-04-21 17:02] Auto-scan complete
[2026-04-21 17:02] Auto-scan starting...
[2026-04-21 17:03] Scan complete, deploying...
To github.com:mmondora/signal-brief.git
   b18ee93..d4dc37e  main -> main
[2026-04-21 17:03] Auto-scan complete
[2026-04-21 17:03] Auto-scan starting...
[2026-04-21 17:04] Scan complete, deploying...
To github.com:mmondora/signal-brief.git
   d4dc37e..c2cfee4  main -> main
[2026-04-21 17:04] Auto-scan complete
[2026-04-21 17:04] Auto-scan starting...
[2026-04-21 17:04] Scan complete, deploying...
To github.com:mmondora/signal-brief.git
   c2cfee4..052688e  main -> main
[2026-04-21 17:05] Auto-scan complete
[2026-04-21 17:05] Auto-scan starting...
[2026-04-21 17:05] Scan complete, deploying...
To github.com:mmondora/signal-brief.git
   052688e..82b9477  main -> main
[2026-04-21 17:05] Auto-scan complete
[2026-04-22 05:00] Auto-scan starting...
[2026-04-22 05:24] Scan complete, deploying...
[2026-04-22 05:24] Generating podcast...
[2026-04-22 05:35] Auto-scan complete
[2026-04-22 05:44] Auto-scan starting...
[2026-04-22 06:02] Scan complete, deploying...
[2026-04-22 06:02] Auto-scan complete
[2026-04-22 06:02] Auto-scan starting...
[2026-04-22 06:15] Scan complete, deploying...
[2026-04-22 06:15] Auto-scan complete
[2026-04-22 06:15] Auto-scan starting...
[2026-04-22 06:33] Scan complete, deploying...
[2026-04-22 06:33] Auto-scan complete
[2026-04-22 06:33] Auto-scan starting...
[2026-04-22 06:51] Scan complete, deploying...
[2026-04-22 06:51] Auto-scan complete
[2026-04-22 06:51] Auto-scan starting...
[2026-04-22 07:07] Scan complete, deploying...
[2026-04-22 07:07] Auto-scan complete
[2026-04-22 07:07] Auto-scan starting...
[2026-04-22 07:27] Scan complete, deploying...
[2026-04-22 07:27] Auto-scan complete
[2026-04-22 17:00] Auto-scan starting...
[2026-04-22 17:01] Scan complete, deploying...
[2026-04-22 17:01] Auto-scan complete
[2026-04-22 17:01] Auto-scan starting...
[2026-04-22 17:01] Scan complete, deploying...
[2026-04-22 17:01] Auto-scan complete
[2026-04-22 17:01] Auto-scan starting...
[2026-04-22 17:02] Scan complete, deploying...
[2026-04-22 17:02] Auto-scan complete
[2026-04-22 17:02] Auto-scan starting...
[2026-04-22 17:03] Scan complete, deploying...
[2026-04-22 17:03] Auto-scan complete
[2026-04-22 17:03] Auto-scan starting...
[2026-04-22 17:04] Scan complete, deploying...
[2026-04-22 17:04] Auto-scan complete
[2026-04-22 17:04] Auto-scan starting...
[2026-04-22 17:04] Scan complete, deploying...
[2026-04-22 17:04] Auto-scan complete
[2026-04-22 17:04] Auto-scan starting...
[2026-04-22 17:05] Scan complete, deploying...
[2026-04-22 17:05] Auto-scan complete
[2026-04-23 05:00] Auto-scan starting...
[2026-04-23 05:01] Scan complete, deploying...
[2026-04-23 05:01] Generating podcast...
[2026-04-23 05:01] Auto-scan complete
[2026-04-23 05:01] Auto-scan starting...
[2026-04-23 05:01] Scan complete, deploying...
[2026-04-23 05:01] Generating podcast...
[2026-04-23 05:01] Auto-scan complete
[2026-04-23 05:02] Auto-scan starting...
[2026-04-23 05:02] Scan complete, deploying...
[2026-04-23 05:02] Generating podcast...
[2026-04-23 05:02] Auto-scan complete
[2026-04-23 05:02] Auto-scan starting...
[2026-04-23 05:03] Scan complete, deploying...
[2026-04-23 05:03] Generating podcast...
[2026-04-23 05:03] Auto-scan complete
[2026-04-23 05:03] Auto-scan starting...
[2026-04-23 05:04] Scan complete, deploying...
[2026-04-23 05:04] Generating podcast...
[2026-04-23 05:04] Auto-scan complete
[2026-04-23 05:04] Auto-scan starting...
[2026-04-23 05:04] Scan complete, deploying...
[2026-04-23 05:04] Generating podcast...
[2026-04-23 05:04] Auto-scan complete
[2026-04-23 05:05] Auto-scan starting...
[2026-04-23 05:05] Scan complete, deploying...
[2026-04-23 05:05] Generating podcast...
[2026-04-23 05:05] Auto-scan complete
[2026-04-23 17:00] Auto-scan starting...
[2026-04-23 17:14] Scan complete, deploying...
[2026-04-23 17:14] Auto-scan complete
[2026-04-23 17:14] Auto-scan starting...
[2026-04-23 17:34] Scan complete, deploying...
[2026-04-23 17:34] Auto-scan complete
[2026-04-23 17:35] Auto-scan starting...
[2026-04-23 17:48] Scan complete, deploying...
[2026-04-23 17:48] Auto-scan complete
[2026-04-23 17:49] Auto-scan starting...
[2026-04-23 18:05] Scan complete, deploying...
[2026-04-23 18:05] Auto-scan complete
[2026-04-23 18:05] Auto-scan starting...
[2026-04-23 18:21] Scan complete, deploying...
[2026-04-23 18:21] Auto-scan complete
[2026-04-23 18:22] Auto-scan starting...
[2026-04-23 18:35] Scan complete, deploying...
[2026-04-23 18:35] Auto-scan complete
[2026-04-23 18:35] Auto-scan starting...
[2026-04-23 18:54] Scan complete, deploying...
[2026-04-23 18:54] Auto-scan complete
[2026-04-24 05:00] Auto-scan starting...
[2026-04-24 05:26] Scan complete, deploying...
[2026-04-24 05:26] Generating podcast...
[2026-04-24 05:34] Auto-scan complete
[2026-04-24 05:51] Auto-scan starting...
[2026-04-24 06:10] Scan complete, deploying...
[2026-04-24 06:10] Auto-scan complete
[2026-04-24 06:10] Auto-scan starting...
[2026-04-24 06:24] Scan complete, deploying...
[2026-04-24 06:24] Auto-scan complete
[2026-04-24 06:24] Auto-scan starting...
[2026-04-24 06:42] Scan complete, deploying...
[2026-04-24 06:42] Auto-scan complete
[2026-04-24 06:43] Auto-scan starting...
[2026-04-24 06:58] Scan complete, deploying...
[2026-04-24 06:58] Auto-scan complete
[2026-04-24 06:58] Auto-scan starting...
[2026-04-24 07:13] Scan complete, deploying...
[2026-04-24 07:13] Auto-scan complete
[2026-04-24 07:13] Auto-scan starting...
[2026-04-24 07:33] Scan complete, deploying...
[2026-04-24 07:33] Auto-scan complete
[2026-04-24 17:00] Auto-scan starting...
[2026-04-24 17:25] Scan complete, deploying...
[2026-04-24 17:25] Auto-scan complete
[2026-04-24 17:25] Auto-scan starting...
[2026-04-24 17:40] Scan complete, deploying...
[2026-04-24 17:40] Auto-scan complete
[2026-04-24 17:40] Auto-scan starting...
[2026-04-24 17:54] Scan complete, deploying...
[2026-04-24 17:54] Auto-scan complete
[2026-04-24 17:54] Auto-scan starting...
[2026-04-24 18:13] Scan complete, deploying...
[2026-04-24 18:13] Auto-scan complete
[2026-04-24 18:13] Auto-scan starting...
[2026-04-24 18:29] Scan complete, deploying...
[2026-04-24 18:29] Auto-scan complete
[2026-04-24 18:30] Auto-scan starting...
[2026-04-24 18:43] Scan complete, deploying...
[2026-04-24 18:43] Auto-scan complete
[2026-04-24 18:43] Auto-scan starting...
[2026-04-24 19:03] Scan complete, deploying...
[2026-04-24 19:03] Auto-scan complete
[2026-04-25 04:47] Auto-scan starting...
[2026-04-25 05:00] Auto-scan starting...
[2026-04-25 05:12] Scan complete, deploying...
[2026-04-25 05:12] Generating podcast...
[2026-04-25 05:18] Auto-scan complete
[2026-04-25 05:25] Auto-scan starting...
[2026-04-25 05:26] Scan complete, deploying...
[2026-04-25 05:26] Generating podcast...
[2026-04-25 05:32] Auto-scan complete
[2026-04-25 05:40] Auto-scan starting...
[2026-04-25 05:41] Scan complete, deploying...
[2026-04-25 05:41] Generating podcast...
[2026-04-25 05:50] Auto-scan complete
[2026-04-25 05:51] Auto-scan starting...
[2026-04-25 05:58] Scan complete, deploying...
[2026-04-25 05:58] Generating podcast...
[2026-04-25 06:03] Auto-scan complete
[2026-04-25 06:03] Auto-scan starting...
[2026-04-25 06:04] Scan complete, deploying...
[2026-04-25 06:04] Auto-scan complete
[2026-04-25 06:04] Auto-scan starting...
[2026-04-25 06:17] Scan complete, deploying...
[2026-04-25 06:17] Auto-scan complete
[2026-04-25 06:17] Auto-scan starting...
[2026-04-25 06:19] Scan complete, deploying...
[2026-04-25 06:19] Auto-scan complete
[2026-04-25 06:19] Auto-scan starting...
[2026-04-25 06:35] Scan complete, deploying...
[2026-04-25 06:35] Auto-scan complete
[2026-04-25 06:35] Auto-scan starting...
[2026-04-25 06:36] Scan complete, deploying...
[2026-04-25 06:36] Auto-scan complete
[2026-04-25 06:36] Auto-scan starting...
[2026-04-25 06:52] Scan complete, deploying...
[2026-04-25 06:52] Auto-scan complete
[2026-04-25 06:52] Auto-scan starting...
[2026-04-25 06:53] Scan complete, deploying...
[2026-04-25 06:53] Auto-scan complete
[2026-04-25 06:54] Auto-scan starting...
[2026-04-25 07:07] Scan complete, deploying...
[2026-04-25 07:07] Auto-scan complete
[2026-04-25 07:07] Auto-scan starting...
[2026-04-25 07:16] Scan complete, deploying...
[2026-04-25 07:16] Auto-scan complete
[2026-04-25 07:26] Scan complete, deploying...
[2026-04-25 07:26] Auto-scan complete
[2026-04-25 17:00] Auto-scan starting...
[2026-04-25 17:25] Scan complete, deploying...
[2026-04-25 17:25] Auto-scan complete
[2026-04-25 17:25] Auto-scan starting...
[2026-04-25 17:44] Scan complete, deploying...
[2026-04-25 17:44] Auto-scan complete
[2026-04-25 17:45] Auto-scan starting...
[2026-04-25 17:59] Scan complete, deploying...
[2026-04-25 17:59] Auto-scan complete
[2026-04-25 18:00] Auto-scan starting...
[2026-04-25 18:19] Scan complete, deploying...
[2026-04-25 18:19] Auto-scan complete
[2026-04-25 18:19] Auto-scan starting...
[2026-04-25 18:36] Scan complete, deploying...
[2026-04-25 18:36] Auto-scan complete
[2026-04-25 18:37] Auto-scan starting...
[2026-04-25 18:51] Scan complete, deploying...
[2026-04-25 18:51] Auto-scan complete
[2026-04-25 18:51] Auto-scan starting...
[2026-04-25 19:10] Scan complete, deploying...
[2026-04-25 19:10] Auto-scan complete
[2026-04-26 05:00] Auto-scan starting...
[2026-04-26 05:24] Scan complete, deploying...
[2026-04-26 05:24] Generating podcast...
[2026-04-26 05:31] Auto-scan complete
[2026-04-26 05:39] Auto-scan starting...
[2026-04-26 05:57] Scan complete, deploying...
[2026-04-26 05:57] Generating podcast...
[2026-04-26 06:09] Auto-scan complete
[2026-04-26 06:09] Auto-scan starting...
[2026-04-26 06:23] Scan complete, deploying...
[2026-04-26 06:23] Auto-scan complete
[2026-04-26 06:23] Auto-scan starting...
[2026-04-26 06:42] Scan complete, deploying...
[2026-04-26 06:42] Auto-scan complete
[2026-04-26 06:42] Auto-scan starting...
[2026-04-26 06:57] Scan complete, deploying...
[2026-04-26 06:57] Auto-scan complete
[2026-04-26 06:58] Auto-scan starting...
[2026-04-26 07:12] Scan complete, deploying...
[2026-04-26 07:12] Auto-scan complete
[2026-04-26 07:12] Auto-scan starting...
[2026-04-26 07:32] Scan complete, deploying...
[2026-04-26 07:32] Auto-scan complete
[2026-04-26 12:10] Auto-scan starting...
[2026-04-26 12:19] Auto-scan starting...
[2026-04-26 12:21] Scan complete, deploying...
[2026-04-26 12:21] Auto-scan complete
[2026-04-26 12:30] Scan complete, deploying...
[2026-04-26 12:30] Auto-scan complete
[2026-04-26 17:00] Auto-scan starting...
[2026-04-26 17:27] Scan complete, deploying...
[2026-04-26 17:27] Auto-scan complete
[2026-04-26 17:28] Auto-scan starting...
[2026-04-26 17:44] Scan complete, deploying...
[2026-04-26 17:44] Auto-scan complete
[2026-04-26 17:44] Auto-scan starting...
[2026-04-26 17:59] Scan complete, deploying...
[2026-04-26 17:59] Auto-scan complete
[2026-04-26 17:59] Auto-scan starting...
[2026-04-26 18:17] Scan complete, deploying...
[2026-04-26 18:17] Auto-scan complete
[2026-04-26 18:17] Auto-scan starting...
[2026-04-26 18:34] Scan complete, deploying...
[2026-04-26 18:34] Auto-scan complete
[2026-04-26 18:34] Auto-scan starting...
[2026-04-26 18:46] Scan complete, deploying...
[2026-04-26 18:46] Auto-scan complete
[2026-04-26 18:47] Auto-scan starting...
[2026-04-26 19:01] Scan complete, deploying...
[2026-04-26 19:01] Auto-scan complete
[2026-04-26 19:02] Auto-scan starting...
[2026-04-26 19:20] Scan complete, deploying...
[2026-04-26 19:20] Auto-scan complete
[2026-04-27 05:00] Auto-scan starting...
[2026-04-27 05:26] Scan complete, deploying...
[2026-04-27 05:26] Auto-scan complete
[2026-04-27 05:32] Auto-scan starting...
[2026-04-27 05:50] Scan complete, deploying...
[2026-04-27 05:50] Auto-scan complete
[2026-04-27 05:50] Auto-scan starting...
[2026-04-27 06:04] Scan complete, deploying...
[2026-04-27 06:04] Auto-scan complete
[2026-04-27 06:05] Auto-scan starting...
[2026-04-27 06:23] Scan complete, deploying...
[2026-04-27 06:23] Auto-scan complete
[2026-04-27 06:23] Auto-scan starting...
[2026-04-27 06:42] Scan complete, deploying...
[2026-04-27 06:42] Auto-scan complete
[2026-04-27 06:42] Auto-scan starting...
[2026-04-27 06:53] Scan complete, deploying...
[2026-04-27 06:53] Auto-scan complete
[2026-04-27 06:53] Auto-scan starting...
[2026-04-27 07:09] Scan complete, deploying...
[2026-04-27 07:09] Auto-scan complete
[2026-04-27 07:09] Auto-scan starting...
[2026-04-27 07:26] Scan complete, deploying...
[2026-04-27 07:26] Auto-scan complete
[2026-04-27 17:00] Auto-scan starting...
[2026-04-27 17:24] Scan complete, deploying...
[2026-04-27 17:24] Auto-scan complete
[2026-04-27 17:24] Auto-scan starting...
[2026-04-27 17:42] Scan complete, deploying...
[2026-04-27 17:42] Auto-scan complete
[2026-04-27 17:42] Auto-scan starting...
[2026-04-27 17:56] Scan complete, deploying...
[2026-04-27 17:56] Auto-scan complete
[2026-04-27 17:56] Auto-scan starting...
[2026-04-27 18:12] Scan complete, deploying...
[2026-04-27 18:12] Auto-scan complete
[2026-04-27 18:12] Auto-scan starting...
[2026-04-27 18:29] Scan complete, deploying...
[2026-04-27 18:29] Auto-scan complete
[2026-04-27 18:29] Auto-scan starting...
[2026-04-27 18:40] Scan complete, deploying...
[2026-04-27 18:40] Auto-scan complete
[2026-04-27 18:41] Auto-scan starting...
[2026-04-27 18:55] Scan complete, deploying...
[2026-04-27 18:55] Auto-scan complete
[2026-04-27 18:55] Auto-scan starting...
[2026-04-27 19:15] Scan complete, deploying...
[2026-04-27 19:15] Auto-scan complete
[2026-04-28 06:41] Auto-scan starting...
[2026-04-28 07:21] Scan complete, deploying...
[2026-04-28 07:21] Auto-scan complete
[2026-04-28 07:22] Auto-scan starting...
[2026-04-28 07:29] Auto-scan starting...
[2026-04-28 07:39] Scan complete, deploying...
[2026-04-28 07:39] Auto-scan complete
[2026-04-28 07:39] Auto-scan starting...
[2026-04-28 07:53] Scan complete, deploying...
[2026-04-28 07:53] Auto-scan complete
[2026-04-28 07:53] Auto-scan starting...
[2026-04-28 07:53] Scan complete, deploying...
[2026-04-28 07:53] Auto-scan complete
[2026-04-28 07:53] Auto-scan starting...
[2026-04-28 08:10] Scan complete, deploying...
[2026-04-28 08:10] Auto-scan complete
[2026-04-28 08:11] Auto-scan starting...
[2026-04-28 08:11] Scan complete, deploying...
[2026-04-28 08:11] Auto-scan complete
[2026-04-28 08:12] Auto-scan starting...
[2026-04-28 08:24] Scan complete, deploying...
[2026-04-28 08:24] Auto-scan complete
[2026-04-28 08:24] Auto-scan starting...
[2026-04-28 08:28] Scan complete, deploying...
[2026-04-28 08:28] Auto-scan complete
[2026-04-28 08:28] Auto-scan starting...
[2026-04-28 08:39] Scan complete, deploying...
[2026-04-28 08:39] Auto-scan complete
[2026-04-28 08:39] Auto-scan starting...
[2026-04-28 08:41] Scan complete, deploying...
[2026-04-28 08:41] Auto-scan complete
[2026-04-28 08:42] Auto-scan starting...
[2026-04-28 08:56] Scan complete, deploying...
[2026-04-28 08:56] Auto-scan complete
[2026-04-28 08:56] Auto-scan starting...
[2026-04-28 09:00] Scan complete, deploying...
[2026-04-28 09:00] Auto-scan complete
[2026-04-28 09:00] Auto-scan starting...
[2026-04-28 09:12] Scan complete, deploying...
[2026-04-28 09:12] Auto-scan complete
[2026-04-28 09:12] Auto-scan starting...
[2026-04-28 09:17] Scan complete, deploying...
[2026-04-28 09:17] Auto-scan complete
[2026-04-28 09:26] Scan complete, deploying...
[2026-04-28 09:26] Auto-scan complete
[2026-04-28 09:26] Auto-scan starting...
[2026-04-28 09:45] Scan complete, deploying...
[2026-04-28 09:45] Auto-scan complete
[2026-04-28 17:00] Auto-scan starting...
[2026-04-28 17:24] Scan complete, deploying...
To github.com:mmondora/signal-brief.git
   0b4c02b..ad616c8  main -> main
[2026-04-28 17:25] Auto-scan complete
[2026-04-28 17:25] Auto-scan starting...
[2026-04-28 17:42] Scan complete, deploying...
To github.com:mmondora/signal-brief.git
   ad616c8..572fc67  main -> main
[2026-04-28 17:42] Auto-scan complete
[2026-04-28 17:42] Auto-scan starting...
[2026-04-28 17:57] Scan complete, deploying...
To github.com:mmondora/signal-brief.git
   572fc67..fb02727  main -> main
[2026-04-28 17:58] Auto-scan complete
[2026-04-28 17:58] Auto-scan starting...
[2026-04-28 18:15] Scan complete, deploying...
To github.com:mmondora/signal-brief.git
   fb02727..82d5f91  main -> main
[2026-04-28 18:15] Auto-scan complete
[2026-04-28 18:16] Auto-scan starting...
[2026-04-28 18:34] Scan complete, deploying...
To github.com:mmondora/signal-brief.git
   82d5f91..89737c3  main -> main
[2026-04-28 18:34] Auto-scan complete
[2026-04-28 18:34] Auto-scan starting...
[2026-04-28 18:46] Scan complete, deploying...
To github.com:mmondora/signal-brief.git
   89737c3..3fd1213  main -> main
[2026-04-28 18:46] Auto-scan complete
[2026-04-28 18:46] Auto-scan starting...
[2026-04-28 19:03] Scan complete, deploying...
To github.com:mmondora/signal-brief.git
   3fd1213..7e5acb0  main -> main
[2026-04-28 19:03] Auto-scan complete
[2026-04-28 19:03] Auto-scan starting...
[2026-04-28 19:24] Scan complete, deploying...
To github.com:mmondora/signal-brief.git
   7e5acb0..91e6771  main -> main
[2026-04-28 19:24] Auto-scan complete
[2026-04-29 05:00] Auto-scan starting...
[2026-04-29 05:23] Scan complete, deploying...
To github.com:mmondora/signal-brief.git
   91e6771..295a487  main -> main
[2026-04-29 05:23] Auto-scan complete
[2026-04-29 05:29] Auto-scan starting...
[2026-04-29 05:47] Scan complete, deploying...
To github.com:mmondora/signal-brief.git
   66d858f..2cc2719  main -> main
[2026-04-29 05:47] Auto-scan complete
[2026-04-29 05:47] Auto-scan starting...
[2026-04-29 06:00] Scan complete, deploying...
To github.com:mmondora/signal-brief.git
   380553e..14ebf92  main -> main
[2026-04-29 06:00] Auto-scan complete
[2026-04-29 06:01] Auto-scan starting...
[2026-04-29 06:18] Scan complete, deploying...
To github.com:mmondora/signal-brief.git
   14ebf92..9172ac8  main -> main
[2026-04-29 06:18] Auto-scan complete
[2026-04-29 06:18] Auto-scan starting...
[2026-04-29 06:35] Scan complete, deploying...
To github.com:mmondora/signal-brief.git
   9172ac8..d0389f9  main -> main
[2026-04-29 06:35] Auto-scan complete
[2026-04-29 06:35] Auto-scan starting...
[2026-04-29 06:46] Scan complete, deploying...
To github.com:mmondora/signal-brief.git
   d0389f9..e84ee3b  main -> main
[2026-04-29 06:46] Auto-scan complete
[2026-04-29 06:46] Auto-scan starting...
[2026-04-29 07:01] Scan complete, deploying...
To github.com:mmondora/signal-brief.git
   e84ee3b..5769cf0  main -> main
[2026-04-29 07:01] Auto-scan complete
[2026-04-29 07:01] Auto-scan starting...
[2026-04-29 07:18] Scan complete, deploying...
To github.com:mmondora/signal-brief.git
   5769cf0..1ff4aa2  main -> main
[2026-04-29 07:18] Auto-scan complete
[2026-04-29 17:00] Auto-scan starting...
[2026-04-29 17:24] Scan complete, deploying...
To github.com:mmondora/signal-brief.git
   f2c1eed..7e03342  main -> main
[2026-04-29 17:24] Auto-scan complete
[2026-04-29 17:24] Auto-scan starting...
[2026-04-29 17:41] Scan complete, deploying...
To github.com:mmondora/signal-brief.git
   7e03342..6c5a0e4  main -> main
[2026-04-29 17:41] Auto-scan complete
[2026-04-29 17:42] Auto-scan starting...
[2026-04-29 17:56] Scan complete, deploying...
